<?xml version="1.0" encoding="UTF-8"?>
<testsuite xmlns:xsi="http://www.w3.org/2001/XMLSchema-instance" xsi:noNamespaceSchemaLocation="https://maven.apache.org/surefire/maven-surefire-plugin/xsd/surefire-test-report.xsd" name="domain.UserTest" time="0.505" tests="3" errors="0" skipped="0" failures="0">
  <properties>
    <property name="sun.desktop" value="windows"/>
    <property name="awt.toolkit" value="sun.awt.windows.WToolkit"/>
    <property name="file.encoding.pkg" value="sun.io"/>
    <property name="java.specification.version" value="1.8"/>
    <property name="sun.cpu.isalist" value="amd64"/>
    <property name="sun.jnu.encoding" value="Cp1252"/>
    <property name="java.class.path" value="C:\Projects\kwetter\kwetter-backend\target\test-classes;C:\Projects\kwetter\kwetter-backend\target\classes;C:\Users\Arnoud Bevers\.m2\repository\junit\junit\4.11\junit-4.11.jar;C:\Users\Arnoud Bevers\.m2\repository\org\hamcrest\hamcrest-core\1.3\hamcrest-core-1.3.jar;C:\Users\Arnoud Bevers\.m2\repository\com\auth0\java-jwt\3.8.0\java-jwt-3.8.0.jar;C:\Users\Arnoud Bevers\.m2\repository\commons-codec\commons-codec\1.11\commons-codec-1.11.jar;C:\Users\Arnoud Bevers\.m2\repository\javax\javaee-web-api\7.0\javaee-web-api-7.0.jar;C:\Users\Arnoud Bevers\.m2\repository\org\hibernate\hibernate-entitymanager\5.4.1.Final\hibernate-entitymanager-5.4.1.Final.jar;C:\Users\Arnoud Bevers\.m2\repository\org\jboss\logging\jboss-logging\3.3.2.Final\jboss-logging-3.3.2.Final.jar;C:\Users\Arnoud Bevers\.m2\repository\org\hibernate\hibernate-core\5.4.1.Final\hibernate-core-5.4.1.Final.jar;C:\Users\Arnoud Bevers\.m2\repository\org\javassist\javassist\3.24.0-GA\javassist-3.24.0-GA.jar;C:\Users\Arnoud Bevers\.m2\repository\antlr\antlr\2.7.7\antlr-2.7.7.jar;C:\Users\Arnoud Bevers\.m2\repository\org\jboss\jandex\2.0.5.Final\jandex-2.0.5.Final.jar;C:\Users\Arnoud Bevers\.m2\repository\com\fasterxml\classmate\1.3.4\classmate-1.3.4.jar;C:\Users\Arnoud Bevers\.m2\repository\javax\activation\javax.activation-api\1.2.0\javax.activation-api-1.2.0.jar;C:\Users\Arnoud Bevers\.m2\repository\javax\xml\bind\jaxb-api\2.3.1\jaxb-api-2.3.1.jar;C:\Users\Arnoud Bevers\.m2\repository\org\glassfish\jaxb\jaxb-runtime\2.3.1\jaxb-runtime-2.3.1.jar;C:\Users\Arnoud Bevers\.m2\repository\org\glassfish\jaxb\txw2\2.3.1\txw2-2.3.1.jar;C:\Users\Arnoud Bevers\.m2\repository\com\sun\istack\istack-commons-runtime\3.0.7\istack-commons-runtime-3.0.7.jar;C:\Users\Arnoud Bevers\.m2\repository\org\jvnet\staxex\stax-ex\1.8\stax-ex-1.8.jar;C:\Users\Arnoud Bevers\.m2\repository\com\sun\xml\fastinfoset\FastInfoset\1.2.15\FastInfoset-1.2.15.jar;C:\Users\Arnoud Bevers\.m2\repository\org\dom4j\dom4j\2.1.1\dom4j-2.1.1.jar;C:\Users\Arnoud Bevers\.m2\repository\org\hibernate\common\hibernate-commons-annotations\5.1.0.Final\hibernate-commons-annotations-5.1.0.Final.jar;C:\Users\Arnoud Bevers\.m2\repository\javax\persistence\javax.persistence-api\2.2\javax.persistence-api-2.2.jar;C:\Users\Arnoud Bevers\.m2\repository\net\bytebuddy\byte-buddy\1.9.5\byte-buddy-1.9.5.jar;C:\Users\Arnoud Bevers\.m2\repository\org\jboss\spec\javax\transaction\jboss-transaction-api_1.2_spec\1.1.1.Final\jboss-transaction-api_1.2_spec-1.1.1.Final.jar;C:\Users\Arnoud Bevers\.m2\repository\com\fasterxml\jackson\core\jackson-databind\2.7.5\jackson-databind-2.7.5.jar;C:\Users\Arnoud Bevers\.m2\repository\com\fasterxml\jackson\core\jackson-annotations\2.7.0\jackson-annotations-2.7.0.jar;C:\Users\Arnoud Bevers\.m2\repository\com\fasterxml\jackson\core\jackson-core\2.7.5\jackson-core-2.7.5.jar;C:\Users\Arnoud Bevers\.m2\repository\org\json\json\20180130\json-20180130.jar;C:\Users\Arnoud Bevers\.m2\repository\org\modelmapper\modelmapper\2.3.0\modelmapper-2.3.0.jar;C:\Users\Arnoud Bevers\.m2\repository\com\sun\faces\jsf-api\2.1.7\jsf-api-2.1.7.jar;C:\Users\Arnoud Bevers\.m2\repository\com\sun\faces\jsf-impl\2.1.7\jsf-impl-2.1.7.jar;"/>
    <property name="java.vm.vendor" value="Oracle Corporation"/>
    <property name="sun.arch.data.model" value="64"/>
    <property name="user.variant" value=""/>
    <property name="java.vendor.url" value="http://java.oracle.com/"/>
    <property name="user.timezone" value="Europe/Berlin"/>
    <property name="java.vm.specification.version" value="1.8"/>
    <property name="os.name" value="Windows 10"/>
    <property name="user.country" value="US"/>
    <property name="sun.java.launcher" value="SUN_STANDARD"/>
    <property name="sun.boot.library.path" value="C:\Program Files\Java\jdk1.8.0_201\jre\bin"/>
    <property name="sun.java.command" value="C:\Users\ARNOUD~1\AppData\Local\Temp\surefire6722380156442651674\surefirebooter2515673844139398241.jar C:\Users\Arnoud Bevers\AppData\Local\Temp\surefire6722380156442651674 2019-06-07T12-52-55_941-jvmRun1 surefire8468677731068094453tmp surefire_06680853562545051744tmp"/>
    <property name="surefire.test.class.path" value="C:\Projects\kwetter\kwetter-backend\target\test-classes;C:\Projects\kwetter\kwetter-backend\target\classes;C:\Users\Arnoud Bevers\.m2\repository\junit\junit\4.11\junit-4.11.jar;C:\Users\Arnoud Bevers\.m2\repository\org\hamcrest\hamcrest-core\1.3\hamcrest-core-1.3.jar;C:\Users\Arnoud Bevers\.m2\repository\com\auth0\java-jwt\3.8.0\java-jwt-3.8.0.jar;C:\Users\Arnoud Bevers\.m2\repository\commons-codec\commons-codec\1.11\commons-codec-1.11.jar;C:\Users\Arnoud Bevers\.m2\repository\javax\javaee-web-api\7.0\javaee-web-api-7.0.jar;C:\Users\Arnoud Bevers\.m2\repository\org\hibernate\hibernate-entitymanager\5.4.1.Final\hibernate-entitymanager-5.4.1.Final.jar;C:\Users\Arnoud Bevers\.m2\repository\org\jboss\logging\jboss-logging\3.3.2.Final\jboss-logging-3.3.2.Final.jar;C:\Users\Arnoud Bevers\.m2\repository\org\hibernate\hibernate-core\5.4.1.Final\hibernate-core-5.4.1.Final.jar;C:\Users\Arnoud Bevers\.m2\repository\org\javassist\javassist\3.24.0-GA\javassist-3.24.0-GA.jar;C:\Users\Arnoud Bevers\.m2\repository\antlr\antlr\2.7.7\antlr-2.7.7.jar;C:\Users\Arnoud Bevers\.m2\repository\org\jboss\jandex\2.0.5.Final\jandex-2.0.5.Final.jar;C:\Users\Arnoud Bevers\.m2\repository\com\fasterxml\classmate\1.3.4\classmate-1.3.4.jar;C:\Users\Arnoud Bevers\.m2\repository\javax\activation\javax.activation-api\1.2.0\javax.activation-api-1.2.0.jar;C:\Users\Arnoud Bevers\.m2\repository\javax\xml\bind\jaxb-api\2.3.1\jaxb-api-2.3.1.jar;C:\Users\Arnoud Bevers\.m2\repository\org\glassfish\jaxb\jaxb-runtime\2.3.1\jaxb-runtime-2.3.1.jar;C:\Users\Arnoud Bevers\.m2\repository\org\glassfish\jaxb\txw2\2.3.1\txw2-2.3.1.jar;C:\Users\Arnoud Bevers\.m2\repository\com\sun\istack\istack-commons-runtime\3.0.7\istack-commons-runtime-3.0.7.jar;C:\Users\Arnoud Bevers\.m2\repository\org\jvnet\staxex\stax-ex\1.8\stax-ex-1.8.jar;C:\Users\Arnoud Bevers\.m2\repository\com\sun\xml\fastinfoset\FastInfoset\1.2.15\FastInfoset-1.2.15.jar;C:\Users\Arnoud Bevers\.m2\repository\org\dom4j\dom4j\2.1.1\dom4j-2.1.1.jar;C:\Users\Arnoud Bevers\.m2\repository\org\hibernate\common\hibernate-commons-annotations\5.1.0.Final\hibernate-commons-annotations-5.1.0.Final.jar;C:\Users\Arnoud Bevers\.m2\repository\javax\persistence\javax.persistence-api\2.2\javax.persistence-api-2.2.jar;C:\Users\Arnoud Bevers\.m2\repository\net\bytebuddy\byte-buddy\1.9.5\byte-buddy-1.9.5.jar;C:\Users\Arnoud Bevers\.m2\repository\org\jboss\spec\javax\transaction\jboss-transaction-api_1.2_spec\1.1.1.Final\jboss-transaction-api_1.2_spec-1.1.1.Final.jar;C:\Users\Arnoud Bevers\.m2\repository\com\fasterxml\jackson\core\jackson-databind\2.7.5\jackson-databind-2.7.5.jar;C:\Users\Arnoud Bevers\.m2\repository\com\fasterxml\jackson\core\jackson-annotations\2.7.0\jackson-annotations-2.7.0.jar;C:\Users\Arnoud Bevers\.m2\repository\com\fasterxml\jackson\core\jackson-core\2.7.5\jackson-core-2.7.5.jar;C:\Users\Arnoud Bevers\.m2\repository\org\json\json\20180130\json-20180130.jar;C:\Users\Arnoud Bevers\.m2\repository\org\modelmapper\modelmapper\2.3.0\modelmapper-2.3.0.jar;C:\Users\Arnoud Bevers\.m2\repository\com\sun\faces\jsf-api\2.1.7\jsf-api-2.1.7.jar;C:\Users\Arnoud Bevers\.m2\repository\com\sun\faces\jsf-impl\2.1.7\jsf-impl-2.1.7.jar;"/>
    <property name="sun.cpu.endian" value="little"/>
    <property name="user.home" value="C:\Users\Arnoud Bevers"/>
    <property name="user.language" value="en"/>
    <property name="java.specification.vendor" value="Oracle Corporation"/>
    <property name="java.home" value="C:\Program Files\Java\jdk1.8.0_201\jre"/>
    <property name="basedir" value="C:\Projects\kwetter\kwetter-backend"/>
    <property name="file.separator" value="\"/>
    <property name="line.separator" value="&#10;"/>
    <property name="java.vm.specification.vendor" value="Oracle Corporation"/>
    <property name="java.specification.name" value="Java Platform API Specification"/>
    <property name="java.awt.graphicsenv" value="sun.awt.Win32GraphicsEnvironment"/>
    <property name="surefire.real.class.path" value="C:\Users\ARNOUD~1\AppData\Local\Temp\surefire6722380156442651674\surefirebooter2515673844139398241.jar"/>
    <property name="sun.boot.class.path" value="C:\Program Files\Java\jdk1.8.0_201\jre\lib\resources.jar;C:\Program Files\Java\jdk1.8.0_201\jre\lib\rt.jar;C:\Program Files\Java\jdk1.8.0_201\jre\lib\sunrsasign.jar;C:\Program Files\Java\jdk1.8.0_201\jre\lib\jsse.jar;C:\Program Files\Java\jdk1.8.0_201\jre\lib\jce.jar;C:\Program Files\Java\jdk1.8.0_201\jre\lib\charsets.jar;C:\Program Files\Java\jdk1.8.0_201\jre\lib\jfr.jar;C:\Program Files\Java\jdk1.8.0_201\jre\classes"/>
    <property name="user.script" value=""/>
    <property name="sun.management.compiler" value="HotSpot 64-Bit Tiered Compilers"/>
    <property name="java.runtime.version" value="1.8.0_201-b09"/>
    <property name="user.name" value="Arnoud Bevers"/>
    <property name="path.separator" value=";"/>
    <property name="os.version" value="10.0"/>
    <property name="java.endorsed.dirs" value="C:\Program Files\Java\jdk1.8.0_201\jre\lib\endorsed"/>
    <property name="java.runtime.name" value="Java(TM) SE Runtime Environment"/>
    <property name="file.encoding" value="Cp1252"/>
    <property name="java.vm.name" value="Java HotSpot(TM) 64-Bit Server VM"/>
    <property name="localRepository" value="C:\Users\Arnoud Bevers\.m2\repository"/>
    <property name="java.vendor.url.bug" value="http://bugreport.sun.com/bugreport/"/>
    <property name="java.io.tmpdir" value="C:\Users\ARNOUD~1\AppData\Local\Temp\"/>
    <property name="java.version" value="1.8.0_201"/>
    <property name="user.dir" value="C:\Projects\kwetter\kwetter-backend"/>
    <property name="os.arch" value="amd64"/>
    <property name="java.vm.specification.name" value="Java Virtual Machine Specification"/>
    <property name="java.awt.printerjob" value="sun.awt.windows.WPrinterJob"/>
    <property name="idea.version2019.1.3" value="true"/>
    <property name="sun.os.patch.level" value=""/>
    <property name="java.library.path" value="C:\Program Files\Java\jdk1.8.0_201\jre\bin;C:\WINDOWS\Sun\Java\bin;C:\WINDOWS\system32;C:\WINDOWS;C:\ProgramData\DockerDesktop\version-bin;C:\Program Files\Docker\Docker\Resources\bin;C:\Program Files (x86)\Common Files\Oracle\Java\javapath;C:\WINDOWS\system32;C:\WINDOWS;C:\WINDOWS\System32\Wbem;C:\WINDOWS\System32\WindowsPowerShell\v1.0\;C:\WINDOWS\System32\OpenSSH\;C:\Program Files\PuTTY\;C:\Program Files\nodejs\;C:\Program Files (x86)\Microsoft VS Code\bin;C:\Program Files\Git\cmd;C:\Users\Arnoud Bevers\AppData\Local\Microsoft\WindowsApps;C:\Users\Arnoud Bevers\AppData\Roaming\npm;C:\Program Files\JetBrains\IntelliJ IDEA Community Edition 2018.3.4\bin;C:\Program Files\JetBrains\IntelliJ IDEA 2018.3.4\bin;C:\Program Files\Kubernetes\Minikube;C:\Program Files (x86)\scala\bin;C:\Go\bin;C:\Users\Arnoud Bevers\.windows-build-tools\python27\;C:\Program Files\nodejs\node_modules\npm\node_modules\npm-lifecycle\node-gyp-bin;C:\Users\Arnoud Bevers\AppData\Roaming\npm\node_modules\windows-build-tools\node_modules\.bin;C:\Users\Arnoud Bevers\AppData\Roaming\npm\node_modules\.bin;C:\ProgramData\DockerDesktop\version-bin;C:\Program Files\Docker\Docker\Resources\bin;C:\Program Files (x86)\Common Files\Oracle\Java\javapath;C:\WINDOWS\system32;C:\WINDOWS;C:\WINDOWS\System32\Wbem;C:\WINDOWS\System32\WindowsPowerShell\v1.0\;C:\WINDOWS\System32\OpenSSH\;C:\Program Files\PuTTY\;C:\Program Files\nodejs\;C:\Program Files (x86)\Microsoft VS Code\bin;C:\Program Files\Git\cmd;C:\Users\Arnoud Bevers\AppData\Local\Microsoft\WindowsApps;C:\Users\Arnoud Bevers\AppData\Roaming\npm;C:\Program Files\JetBrains\IntelliJ IDEA Community Edition 2018.3.4\bin;C:\Program Files\JetBrains\IntelliJ IDEA 2018.3.4\bin;C:\Program Files\Kubernetes\Minikube;C:\Program Files (x86)\scala\bin;C:\Users\Arnoud Bevers\AppData\Roaming\Microsoft\Windows\Start Menu\Programs\Kubernetes;C:\Users\Arnoud Bevers\go\bin;C:\apache-maven-3.6.1\bin;C:\Program Files\Java\jdk1.8.0_201\bin;;."/>
    <property name="java.vm.info" value="mixed mode"/>
    <property name="java.vendor" value="Oracle Corporation"/>
    <property name="java.vm.version" value="25.201-b09"/>
    <property name="java.ext.dirs" value="C:\Program Files\Java\jdk1.8.0_201\jre\lib\ext;C:\WINDOWS\Sun\Java\lib\ext"/>
    <property name="sun.io.unicode.encoding" value="UnicodeLittle"/>
    <property name="java.class.version" value="52.0"/>
  </properties>
  <testcase name="testShouldFollowUser" classname="domain.UserTest" time="0.433"/>
  <testcase name="testUserCannotFollowItself" classname="domain.UserTest" time="0"/>
  <testcase name="testInitialization" classname="domain.UserTest" time="0.001"/>
</testsuite>